<?xml version="1.0" encoding="UTF-8"?>
<!-- Generated by org.testng.reporters.JUnitXMLReporter -->
<testsuite ignored="0" hostname="DESKTOP-SNQQ0D2" failures="0" tests="4" name="Default test" time="16.474" errors="0" timestamp="2024-04-22T08:18:04 IST">
  <testcase classname="test.UserTest" name="testPostRequest" time="6.007"/>
  <testcase classname="test.UserTest" name="testGetRequest" time="1.846"/>
  <testcase classname="test.UserTest" name="testPutRequest" time="5.43"/>
  <testcase classname="test.UserTest" name="testDeleteRequest" time="2.877"/>
</testsuite> <!-- Default test -->
