<?xml version="1.0" encoding="UTF-8"?>
<testng-results ignored="0" total="4" passed="4" failed="0" skipped="0">
  <reporter-output>
  </reporter-output>
  <suite started-at="2024-04-22T08:17:48 IST" name="Default suite" finished-at="2024-04-22T08:18:04 IST" duration-ms="16474">
    <groups>
    </groups>
    <test started-at="2024-04-22T08:17:48 IST" name="Default test" finished-at="2024-04-22T08:18:04 IST" duration-ms="16474">
      <class name="test.UserTest">
        <test-method is-config="true" signature="setData()[pri:0, instance:test.UserTest@2e385cce]" started-at="2024-04-22T08:17:48 IST" name="setData" finished-at="2024-04-22T08:17:48 IST" duration-ms="257" status="PASS">
          <reporter-output>
          </reporter-output>
        </test-method> <!-- setData -->
        <test-method signature="testPostRequest()[pri:1, instance:test.UserTest@2e385cce]" started-at="2024-04-22T08:17:48 IST" name="testPostRequest" finished-at="2024-04-22T08:17:54 IST" duration-ms="6007" status="PASS">
          <reporter-output>
          </reporter-output>
        </test-method> <!-- testPostRequest -->
        <test-method signature="testGetRequest()[pri:2, instance:test.UserTest@2e385cce]" started-at="2024-04-22T08:17:54 IST" name="testGetRequest" finished-at="2024-04-22T08:17:56 IST" duration-ms="1846" status="PASS">
          <reporter-output>
          </reporter-output>
        </test-method> <!-- testGetRequest -->
        <test-method signature="testPutRequest()[pri:3, instance:test.UserTest@2e385cce]" started-at="2024-04-22T08:17:56 IST" name="testPutRequest" finished-at="2024-04-22T08:18:01 IST" duration-ms="5430" status="PASS">
          <reporter-output>
          </reporter-output>
        </test-method> <!-- testPutRequest -->
        <test-method signature="testDeleteRequest()[pri:4, instance:test.UserTest@2e385cce]" started-at="2024-04-22T08:18:01 IST" name="testDeleteRequest" finished-at="2024-04-22T08:18:04 IST" duration-ms="2877" status="PASS">
          <reporter-output>
          </reporter-output>
        </test-method> <!-- testDeleteRequest -->
      </class> <!-- test.UserTest -->
    </test> <!-- Default test -->
  </suite> <!-- Default suite -->
</testng-results>
